Arguments: 
  /snap/node/4749/bin/node /snap/node/4749/bin/yarn.js config get registry

PATH: 
  /home/rcalvs/.npm/_npx/24198/bin:/home/rcalvs/.nvm/versions/node/v14.15.4/bin:/usr/local/sbin:/usr/local/bin:/usr/sbin:/usr/bin:/sbin:/bin:/usr/games:/usr/local/games:/snap/bin

Yarn version: 
  1.22.5

Node version: 
  12.22.1

Platform: 
  linux x64

Trace: 
  Error: EACCES: permission denied, write
      at writeSync (fs.js:679:3)
      at SyncWriteStream._write (internal/fs/sync_write_stream.js:24:3)
      at doWrite (_stream_writable.js:403:12)
      at writeOrBuffer (_stream_writable.js:387:5)
      at SyncWriteStream.Writable.write (_stream_writable.js:318:11)
      at ConsoleReporter._log (/snap/node/4749/lib/cli.js:96770:17)
      at ConsoleReporter.log (/snap/node/4749/lib/cli.js:96758:10)
      at get (/snap/node/4749/lib/cli.js:87536:14)
      at Object.<anonymous> (/snap/node/4749/lib/cli.js:25940:25)
      at Generator.next (<anonymous>)

npm manifest: 
  {
    "name": "30daysproject",
    "version": "0.1.0",
    "private": true
  }

yarn manifest: 
  No manifest

Lockfile: 
  No lockfile
